[2025-01-15 17:33:45] INFO  o.h.validator.internal.util.Version - HV000001: Hibernate Validator 8.0.2.Final
[2025-01-15 17:33:45] INFO  c.e.k.KotlinStudyApplicationKt - Starting KotlinStudyApplicationKt using Java 17.0.13 with PID 43093 (/Users/this_leechunghyeon/Documents/DevelopmentProject/kotlinStudy/build/classes/kotlin/main started by this_leechunghyeon in /Users/this_leechunghyeon/Documents/DevelopmentProject/kotlinStudy)
[2025-01-15 17:33:45] INFO  c.e.k.KotlinStudyApplicationKt - No active profile set, falling back to 1 default profile: "default"
[2025-01-15 17:33:45] INFO  o.s.d.r.c.RepositoryConfigurationDelegate - Bootstrapping Spring Data JPA repositories in DEFAULT mode.
[2025-01-15 17:33:45] INFO  o.s.d.r.c.RepositoryConfigurationDelegate - Finished Spring Data repository scanning in 13 ms. Found 1 JPA repository interface.
[2025-01-15 17:33:45] INFO  o.s.b.w.e.tomcat.TomcatWebServer - Tomcat initialized with port 9000 (http)
[2025-01-15 17:33:45] INFO  o.a.coyote.http11.Http11NioProtocol - Initializing ProtocolHandler ["http-nio-9000"]
[2025-01-15 17:33:45] INFO  o.a.catalina.core.StandardService - Starting service [Tomcat]
[2025-01-15 17:33:45] INFO  o.a.catalina.core.StandardEngine - Starting Servlet engine: [Apache Tomcat/10.1.34]
[2025-01-15 17:33:45] INFO  o.a.c.c.C.[Tomcat].[localhost].[/] - Initializing Spring embedded WebApplicationContext
[2025-01-15 17:33:45] INFO  o.s.b.w.s.c.ServletWebServerApplicationContext - Root WebApplicationContext: initialization completed in 584 ms
[2025-01-15 17:33:46] INFO  o.h.jpa.internal.util.LogHelper - HHH000204: Processing PersistenceUnitInfo [name: default]
[2025-01-15 17:33:46] INFO  org.hibernate.Version - HHH000412: Hibernate ORM core version 6.6.4.Final
[2025-01-15 17:33:46] INFO  o.h.c.i.RegionFactoryInitiator - HHH000026: Second-level cache disabled
[2025-01-15 17:33:46] INFO  o.s.o.j.p.SpringPersistenceUnitInfo - No LoadTimeWeaver setup: ignoring JPA class transformer
[2025-01-15 17:33:46] INFO  com.zaxxer.hikari.HikariDataSource - HikariPool-1 - Starting...
[2025-01-15 17:33:46] INFO  com.zaxxer.hikari.pool.HikariPool - HikariPool-1 - Added connection com.p6spy.engine.wrapper.ConnectionWrapper@147375b3
[2025-01-15 17:33:46] INFO  com.zaxxer.hikari.HikariDataSource - HikariPool-1 - Start completed.
[2025-01-15 17:33:46] INFO  o.hibernate.orm.connections.pooling - HHH10001005: Database info:
	Database JDBC URL [Connecting through datasource 'HikariDataSource (HikariPool-1)']
	Database driver: undefined/unknown
	Database version: 11.6.2
	Autocommit mode: undefined/unknown
	Isolation level: undefined/unknown
	Minimum pool size: undefined/unknown
	Maximum pool size: undefined/unknown
[2025-01-15 17:33:46] INFO  o.h.e.t.j.p.i.JtaPlatformInitiator - HHH000489: No JTA platform available (set 'hibernate.transaction.jta.platform' to enable JTA platform integration)
[2025-01-15 17:33:46] INFO  o.s.o.j.LocalContainerEntityManagerFactoryBean - Initialized JPA EntityManagerFactory for persistence unit 'default'
[2025-01-15 17:33:47] INFO  o.s.b.a.e.web.EndpointLinksResolver - Exposing 1 endpoint beneath base path '/actuator'
[2025-01-15 17:33:47] INFO  o.a.coyote.http11.Http11NioProtocol - Starting ProtocolHandler ["http-nio-9000"]
[2025-01-15 17:33:47] INFO  o.s.b.w.e.tomcat.TomcatWebServer - Tomcat started on port 9000 (http) with context path '/'
[2025-01-15 17:33:47] INFO  c.e.k.KotlinStudyApplicationKt - Started KotlinStudyApplicationKt in 2.113 seconds (process running for 2.327)
[2025-01-15 17:33:47] INFO  c.e.kotlinstudy.config.InitData - insert Member(email='lovetta.turner@yahoo.test', password='1234', role=USER)
[2025-01-15 17:33:47] INFO  o.a.c.c.C.[Tomcat].[localhost].[/] - Initializing Spring DispatcherServlet 'dispatcherServlet'
[2025-01-15 17:33:47] INFO  o.s.web.servlet.DispatcherServlet - Initializing Servlet 'dispatcherServlet'
[2025-01-15 17:33:47] INFO  o.s.web.servlet.DispatcherServlet - Completed initialization in 1 ms
[2025-01-15 17:33:58] INFO  o.s.b.w.e.tomcat.GracefulShutdown - Commencing graceful shutdown. Waiting for active requests to complete
[2025-01-15 17:33:58] INFO  o.s.b.w.e.tomcat.GracefulShutdown - Graceful shutdown complete
[2025-01-15 17:33:58] INFO  o.s.o.j.LocalContainerEntityManagerFactoryBean - Closing JPA EntityManagerFactory for persistence unit 'default'
[2025-01-15 17:33:58] INFO  com.zaxxer.hikari.HikariDataSource - HikariPool-1 - Shutdown initiated...
[2025-01-15 17:33:58] INFO  com.zaxxer.hikari.HikariDataSource - HikariPool-1 - Shutdown completed.
