[2025-01-25 17:07:43:262][background-preinit] [32m INFO[0;39m o.h.validator.internal.util.Version [36mo.h.v.i.u.Version[0;39m [32m<clinit>[0;39m 
 HV000001: Hibernate Validator 8.0.2.Final 
[2025-01-25 17:07:43:733][main] [32m INFO[0;39m o.s.d.r.c.RepositoryConfigurationDelegate [36mo.s.d.r.c.RepositoryConfigurationDelegate[0;39m [32mregisterRepositoriesIn[0;39m 
 Bootstrapping Spring Data JPA repositories in DEFAULT mode. 
[2025-01-25 17:07:43:761][main] [32m INFO[0;39m o.s.d.r.c.RepositoryConfigurationDelegate [36mo.s.d.r.c.RepositoryConfigurationDelegate[0;39m [32mregisterRepositoriesIn[0;39m 
 Finished Spring Data repository scanning in 24 ms. Found 2 JPA repository interfaces. 
[2025-01-25 17:07:43:1074][main] [32m INFO[0;39m o.s.b.w.e.tomcat.TomcatWebServer [36mo.s.b.w.e.t.TomcatWebServer[0;39m [32minitialize[0;39m 
 Tomcat initialized with port 9000 (http) 
[2025-01-25 17:07:43:1078][main] [32m INFO[0;39m o.a.coyote.http11.Http11NioProtocol [36mo.a.c.h.Http11NioProtocol[0;39m [32mlog[0;39m 
 Initializing ProtocolHandler ["http-nio-9000"] 
[2025-01-25 17:07:43:1078][main] [32m INFO[0;39m o.a.catalina.core.StandardService [36mo.a.c.c.StandardService[0;39m [32mlog[0;39m 
 Starting service [Tomcat] 
[2025-01-25 17:07:43:1079][main] [32m INFO[0;39m o.a.catalina.core.StandardEngine [36mo.a.c.c.StandardEngine[0;39m [32mlog[0;39m 
 Starting Servlet engine: [Apache Tomcat/10.1.34] 
[2025-01-25 17:07:43:1096][main] [32m INFO[0;39m o.a.c.c.C.[Tomcat].[localhost].[/] [36mo.a.c.c.C.[.[.[/][0;39m [32mlog[0;39m 
 Initializing Spring embedded WebApplicationContext 
[2025-01-25 17:07:43:1097][main] [32m INFO[0;39m o.s.b.w.s.c.ServletWebServerApplicationContext [36mo.s.b.w.s.c.ServletWebServerApplicationContext[0;39m [32mprepareWebApplicationContext[0;39m 
 Root WebApplicationContext: initialization completed in 798 ms 
[2025-01-25 17:07:44:1246][main] [32m INFO[0;39m o.h.jpa.internal.util.LogHelper [36mo.h.j.i.u.LogHelper[0;39m [32mlogPersistenceUnitInformation[0;39m 
 HHH000204: Processing PersistenceUnitInfo [name: default] 
[2025-01-25 17:07:44:1269][main] [32m INFO[0;39m org.hibernate.Version [36mo.h.Version[0;39m [32mlogVersion[0;39m 
 HHH000412: Hibernate ORM core version 6.6.4.Final 
[2025-01-25 17:07:44:1283][main] [32m INFO[0;39m o.h.c.i.RegionFactoryInitiator [36mo.h.c.i.RegionFactoryInitiator[0;39m [32minitiateService[0;39m 
 HHH000026: Second-level cache disabled 
[2025-01-25 17:07:44:1404][main] [32m INFO[0;39m o.s.o.j.p.SpringPersistenceUnitInfo [36mo.s.o.j.p.SpringPersistenceUnitInfo[0;39m [32maddTransformer[0;39m 
 No LoadTimeWeaver setup: ignoring JPA class transformer 
[2025-01-25 17:07:44:1417][main] [32m INFO[0;39m com.zaxxer.hikari.HikariDataSource [36mc.z.h.HikariDataSource[0;39m [32mgetConnection[0;39m 
 HikariPool-1 - Starting... 
[2025-01-25 17:07:44:1454][main] [32m INFO[0;39m com.zaxxer.hikari.pool.HikariPool [36mc.z.h.p.HikariPool[0;39m [32mcheckFailFast[0;39m 
 HikariPool-1 - Added connection com.p6spy.engine.wrapper.ConnectionWrapper@1eab0700 
[2025-01-25 17:07:44:1455][main] [32m INFO[0;39m com.zaxxer.hikari.HikariDataSource [36mc.z.h.HikariDataSource[0;39m [32mgetConnection[0;39m 
 HikariPool-1 - Start completed. 
[2025-01-25 17:07:44:1483][main] [32m INFO[0;39m o.hibernate.orm.connections.pooling [36mo.h.o.c.pooling[0;39m [32minitiateService[0;39m 
 HHH10001005: Database info:
	Database JDBC URL [Connecting through datasource 'HikariDataSource (HikariPool-1)']
	Database driver: undefined/unknown
	Database version: 11.6.2
	Autocommit mode: undefined/unknown
	Isolation level: undefined/unknown
	Minimum pool size: undefined/unknown
	Maximum pool size: undefined/unknown 
[2025-01-25 17:07:44:1830][main] [32m INFO[0;39m o.h.e.t.j.p.i.JtaPlatformInitiator [36mo.h.e.t.j.p.i.JtaPlatformInitiator[0;39m [32minitiateService[0;39m 
 HHH000489: No JTA platform available (set 'hibernate.transaction.jta.platform' to enable JTA platform integration) 
[2025-01-25 17:07:44:1852][main] [32m INFO[0;39m o.s.o.j.LocalContainerEntityManagerFactoryBean [36mo.s.o.j.LocalContainerEntityManagerFactoryBean[0;39m [32mbuildNativeEntityManagerFactory[0;39m 
 Initialized JPA EntityManagerFactory for persistence unit 'default' 
[2025-01-25 17:07:44:2029][main] [32m INFO[0;39m o.s.s.c.a.a.c.InitializeUserDetailsBeanManagerConfigurer$InitializeUserDetailsManagerConfigurer [36mo.s.s.c.a.a.c.InitializeUserDetailsBeanManagerConfigurer$InitializeUserDetailsManagerConfigurer[0;39m [32mconfigure[0;39m 
 Global AuthenticationManager configured with UserDetailsService bean with name authService 
[2025-01-25 17:07:45:2368][main] [32m INFO[0;39m o.s.b.a.e.web.EndpointLinksResolver [36mo.s.b.a.e.w.EndpointLinksResolver[0;39m [32m<init>[0;39m 
 Exposing 1 endpoint beneath base path '/actuator' 
[2025-01-25 17:07:45:2706][main] [32m INFO[0;39m o.a.coyote.http11.Http11NioProtocol [36mo.a.c.h.Http11NioProtocol[0;39m [32mlog[0;39m 
 Starting ProtocolHandler ["http-nio-9000"] 
[2025-01-25 17:07:45:2710][main] [32m INFO[0;39m o.s.b.w.e.tomcat.TomcatWebServer [36mo.s.b.w.e.t.TomcatWebServer[0;39m [32mstart[0;39m 
 Tomcat started on port 9000 (http) with context path '/' 
[2025-01-25 17:07:45:3165][RMI TCP Connection(2)-127.0.0.1] [32m INFO[0;39m o.a.c.c.C.[Tomcat].[localhost].[/] [36mo.a.c.c.C.[.[.[/][0;39m [32mlog[0;39m 
 Initializing Spring DispatcherServlet 'dispatcherServlet' 
[2025-01-25 17:07:45:3165][RMI TCP Connection(2)-127.0.0.1] [32m INFO[0;39m o.s.web.servlet.DispatcherServlet [36mo.s.w.s.DispatcherServlet[0;39m [32minitServletBean[0;39m 
 Initializing Servlet 'dispatcherServlet' 
[2025-01-25 17:07:45:3166][RMI TCP Connection(2)-127.0.0.1] [32m INFO[0;39m o.s.web.servlet.DispatcherServlet [36mo.s.w.s.DispatcherServlet[0;39m [32minitServletBean[0;39m 
 Completed initialization in 0 ms 
[2025-01-25 17:10:17:154573][SpringApplicationShutdownHook] [32m INFO[0;39m o.s.b.w.e.tomcat.GracefulShutdown [36mo.s.b.w.e.t.GracefulShutdown[0;39m [32mshutDownGracefully[0;39m 
 Commencing graceful shutdown. Waiting for active requests to complete 
[2025-01-25 17:10:17:154576][tomcat-shutdown] [32m INFO[0;39m o.s.b.w.e.tomcat.GracefulShutdown [36mo.s.b.w.e.t.GracefulShutdown[0;39m [32mdoShutdown[0;39m 
 Graceful shutdown complete 
[2025-01-25 17:10:17:154579][SpringApplicationShutdownHook] [32m INFO[0;39m o.s.o.j.LocalContainerEntityManagerFactoryBean [36mo.s.o.j.LocalContainerEntityManagerFactoryBean[0;39m [32mdestroy[0;39m 
 Closing JPA EntityManagerFactory for persistence unit 'default' 
[2025-01-25 17:10:17:154580][SpringApplicationShutdownHook] [32m INFO[0;39m com.zaxxer.hikari.HikariDataSource [36mc.z.h.HikariDataSource[0;39m [32mclose[0;39m 
 HikariPool-1 - Shutdown initiated... 
[2025-01-25 17:10:17:154583][SpringApplicationShutdownHook] [32m INFO[0;39m com.zaxxer.hikari.HikariDataSource [36mc.z.h.HikariDataSource[0;39m [32mclose[0;39m 
 HikariPool-1 - Shutdown completed. 
[2025-01-25 17:10:19:198][background-preinit] [32m INFO[0;39m o.h.validator.internal.util.Version [36mo.h.v.i.u.Version[0;39m [32m<clinit>[0;39m 
 HV000001: Hibernate Validator 8.0.2.Final 
[2025-01-25 17:10:19:613][main] [32m INFO[0;39m o.s.d.r.c.RepositoryConfigurationDelegate [36mo.s.d.r.c.RepositoryConfigurationDelegate[0;39m [32mregisterRepositoriesIn[0;39m 
 Bootstrapping Spring Data JPA repositories in DEFAULT mode. 
[2025-01-25 17:10:19:642][main] [32m INFO[0;39m o.s.d.r.c.RepositoryConfigurationDelegate [36mo.s.d.r.c.RepositoryConfigurationDelegate[0;39m [32mregisterRepositoriesIn[0;39m 
 Finished Spring Data repository scanning in 24 ms. Found 2 JPA repository interfaces. 
[2025-01-25 17:10:20:941][main] [32m INFO[0;39m o.s.b.w.e.tomcat.TomcatWebServer [36mo.s.b.w.e.t.TomcatWebServer[0;39m [32minitialize[0;39m 
 Tomcat initialized with port 9000 (http) 
[2025-01-25 17:10:20:945][main] [32m INFO[0;39m o.a.coyote.http11.Http11NioProtocol [36mo.a.c.h.Http11NioProtocol[0;39m [32mlog[0;39m 
 Initializing ProtocolHandler ["http-nio-9000"] 
[2025-01-25 17:10:20:946][main] [32m INFO[0;39m o.a.catalina.core.StandardService [36mo.a.c.c.StandardService[0;39m [32mlog[0;39m 
 Starting service [Tomcat] 
[2025-01-25 17:10:20:946][main] [32m INFO[0;39m o.a.catalina.core.StandardEngine [36mo.a.c.c.StandardEngine[0;39m [32mlog[0;39m 
 Starting Servlet engine: [Apache Tomcat/10.1.34] 
[2025-01-25 17:10:20:969][main] [32m INFO[0;39m o.a.c.c.C.[Tomcat].[localhost].[/] [36mo.a.c.c.C.[.[.[/][0;39m [32mlog[0;39m 
 Initializing Spring embedded WebApplicationContext 
[2025-01-25 17:10:20:969][main] [32m INFO[0;39m o.s.b.w.s.c.ServletWebServerApplicationContext [36mo.s.b.w.s.c.ServletWebServerApplicationContext[0;39m [32mprepareWebApplicationContext[0;39m 
 Root WebApplicationContext: initialization completed in 739 ms 
[2025-01-25 17:10:20:1106][main] [32m INFO[0;39m o.h.jpa.internal.util.LogHelper [36mo.h.j.i.u.LogHelper[0;39m [32mlogPersistenceUnitInformation[0;39m 
 HHH000204: Processing PersistenceUnitInfo [name: default] 
[2025-01-25 17:10:20:1125][main] [32m INFO[0;39m org.hibernate.Version [36mo.h.Version[0;39m [32mlogVersion[0;39m 
 HHH000412: Hibernate ORM core version 6.6.4.Final 
[2025-01-25 17:10:20:1137][main] [32m INFO[0;39m o.h.c.i.RegionFactoryInitiator [36mo.h.c.i.RegionFactoryInitiator[0;39m [32minitiateService[0;39m 
 HHH000026: Second-level cache disabled 
[2025-01-25 17:10:20:1243][main] [32m INFO[0;39m o.s.o.j.p.SpringPersistenceUnitInfo [36mo.s.o.j.p.SpringPersistenceUnitInfo[0;39m [32maddTransformer[0;39m 
 No LoadTimeWeaver setup: ignoring JPA class transformer 
[2025-01-25 17:10:20:1255][main] [32m INFO[0;39m com.zaxxer.hikari.HikariDataSource [36mc.z.h.HikariDataSource[0;39m [32mgetConnection[0;39m 
 HikariPool-1 - Starting... 
[2025-01-25 17:10:20:1288][main] [32m INFO[0;39m com.zaxxer.hikari.pool.HikariPool [36mc.z.h.p.HikariPool[0;39m [32mcheckFailFast[0;39m 
 HikariPool-1 - Added connection com.p6spy.engine.wrapper.ConnectionWrapper@47c356e 
[2025-01-25 17:10:20:1289][main] [32m INFO[0;39m com.zaxxer.hikari.HikariDataSource [36mc.z.h.HikariDataSource[0;39m [32mgetConnection[0;39m 
 HikariPool-1 - Start completed. 
[2025-01-25 17:10:20:1310][main] [32m INFO[0;39m o.hibernate.orm.connections.pooling [36mo.h.o.c.pooling[0;39m [32minitiateService[0;39m 
 HHH10001005: Database info:
	Database JDBC URL [Connecting through datasource 'HikariDataSource (HikariPool-1)']
	Database driver: undefined/unknown
	Database version: 11.6.2
	Autocommit mode: undefined/unknown
	Isolation level: undefined/unknown
	Minimum pool size: undefined/unknown
	Maximum pool size: undefined/unknown 
[2025-01-25 17:10:20:1627][main] [32m INFO[0;39m o.h.e.t.j.p.i.JtaPlatformInitiator [36mo.h.e.t.j.p.i.JtaPlatformInitiator[0;39m [32minitiateService[0;39m 
 HHH000489: No JTA platform available (set 'hibernate.transaction.jta.platform' to enable JTA platform integration) 
[2025-01-25 17:10:20:1649][main] [32m INFO[0;39m o.s.o.j.LocalContainerEntityManagerFactoryBean [36mo.s.o.j.LocalContainerEntityManagerFactoryBean[0;39m [32mbuildNativeEntityManagerFactory[0;39m 
 Initialized JPA EntityManagerFactory for persistence unit 'default' 
[2025-01-25 17:10:20:1823][main] [32m INFO[0;39m o.s.s.c.a.a.c.InitializeUserDetailsBeanManagerConfigurer$InitializeUserDetailsManagerConfigurer [36mo.s.s.c.a.a.c.InitializeUserDetailsBeanManagerConfigurer$InitializeUserDetailsManagerConfigurer[0;39m [32mconfigure[0;39m 
 Global AuthenticationManager configured with UserDetailsService bean with name authService 
[2025-01-25 17:10:21:2159][main] [32m INFO[0;39m o.s.b.a.e.web.EndpointLinksResolver [36mo.s.b.a.e.w.EndpointLinksResolver[0;39m [32m<init>[0;39m 
 Exposing 1 endpoint beneath base path '/actuator' 
[2025-01-25 17:10:21:2467][main] [32m INFO[0;39m o.a.coyote.http11.Http11NioProtocol [36mo.a.c.h.Http11NioProtocol[0;39m [32mlog[0;39m 
 Starting ProtocolHandler ["http-nio-9000"] 
[2025-01-25 17:10:21:2471][main] [32m INFO[0;39m o.s.b.w.e.tomcat.TomcatWebServer [36mo.s.b.w.e.t.TomcatWebServer[0;39m [32mstart[0;39m 
 Tomcat started on port 9000 (http) with context path '/' 
[2025-01-25 17:10:22:3037][RMI TCP Connection(4)-127.0.0.1] [32m INFO[0;39m o.a.c.c.C.[Tomcat].[localhost].[/] [36mo.a.c.c.C.[.[.[/][0;39m [32mlog[0;39m 
 Initializing Spring DispatcherServlet 'dispatcherServlet' 
[2025-01-25 17:10:22:3037][RMI TCP Connection(4)-127.0.0.1] [32m INFO[0;39m o.s.web.servlet.DispatcherServlet [36mo.s.w.s.DispatcherServlet[0;39m [32minitServletBean[0;39m 
 Initializing Servlet 'dispatcherServlet' 
[2025-01-25 17:10:22:3038][RMI TCP Connection(4)-127.0.0.1] [32m INFO[0;39m o.s.web.servlet.DispatcherServlet [36mo.s.w.s.DispatcherServlet[0;39m [32minitServletBean[0;39m 
 Completed initialization in 1 ms 
[2025-01-25 17:11:32:73775][SpringApplicationShutdownHook] [32m INFO[0;39m o.s.b.w.e.tomcat.GracefulShutdown [36mo.s.b.w.e.t.GracefulShutdown[0;39m [32mshutDownGracefully[0;39m 
 Commencing graceful shutdown. Waiting for active requests to complete 
[2025-01-25 17:11:32:73780][tomcat-shutdown] [32m INFO[0;39m o.s.b.w.e.tomcat.GracefulShutdown [36mo.s.b.w.e.t.GracefulShutdown[0;39m [32mdoShutdown[0;39m 
 Graceful shutdown complete 
[2025-01-25 17:11:32:73783][SpringApplicationShutdownHook] [32m INFO[0;39m o.s.o.j.LocalContainerEntityManagerFactoryBean [36mo.s.o.j.LocalContainerEntityManagerFactoryBean[0;39m [32mdestroy[0;39m 
 Closing JPA EntityManagerFactory for persistence unit 'default' 
[2025-01-25 17:11:32:73785][SpringApplicationShutdownHook] [32m INFO[0;39m com.zaxxer.hikari.HikariDataSource [36mc.z.h.HikariDataSource[0;39m [32mclose[0;39m 
 HikariPool-1 - Shutdown initiated... 
[2025-01-25 17:11:32:73787][SpringApplicationShutdownHook] [32m INFO[0;39m com.zaxxer.hikari.HikariDataSource [36mc.z.h.HikariDataSource[0;39m [32mclose[0;39m 
 HikariPool-1 - Shutdown completed. 
